<!DOCTYPE html PUBLIC "-//W3C//DTD XHTML 1.1//EN" "http://www.w3.org/TR/xhtml11/DTD/xhtml11.dtd">
<html xmlns="http://www.w3.org/1999/xhtml"><head><title>TestNG Report</title><style type="text/css">table {margin-bottom:10px;border-collapse:collapse;empty-cells:show}th,td {border:1px solid #009;padding:.25em .5em}th {vertical-align:bottom}td {vertical-align:top}table a {font-weight:bold}.stripe td {background-color: #E6EBF9}.num {text-align:right}.passedodd td {background-color: #3F3}.passedeven td {background-color: #0A0}.skippedodd td {background-color: #DDD}.skippedeven td {background-color: #CCC}.failedodd td,.attn {background-color: #F33}.failedeven td,.stripe .attn {background-color: #D00}.stacktrace {white-space:pre;font-family:monospace}.totop {font-size:85%;text-align:center;border-bottom:2px solid #000}</style></head><body><table><tr><th>Test</th><th># Passed</th><th># Skipped</th><th># Failed</th><th>Time (ms)</th><th>Included Groups</th><th>Excluded Groups</th></tr><tr><th colspan="7">Coach</th></tr><tr><td><a href="#t0">VerifyHomePage</a></td><td class="num">8</td><td class="num">0</td><td class="num attn">2</td><td class="num">53,121</td><td></td><td></td></tr></table><table id='summary'><thead><tr><th>Class</th><th>Method</th><th>Start</th><th>Time (ms)</th></tr></thead><tbody><tr><th colspan="4">Coach</th></tr></tbody><tbody id="t0"><tr><th colspan="4">VerifyHomePage &#8212; failed</th></tr><tr class="failedeven"><td rowspan="2">Verify_Homepage.VerifyHomePage_Test</td><td><a href="#m0">coach_002_verify_Account</a></td><td rowspan="1">1503490267890</td><td rowspan="1">3157</td></tr><tr class="failedeven"><td><a href="#m1">coach_003_verify_wishlist</a></td><td rowspan="1">1503490272838</td><td rowspan="1">3053</td></tr><tr><th colspan="4">VerifyHomePage &#8212; passed</th></tr><tr class="passedeven"><td rowspan="8">Verify_Homepage.VerifyHomePage_Test</td><td><a href="#m2">coach_001_verify_logo</a></td><td rowspan="1">1503490265008</td><td rowspan="1">966</td></tr><tr class="passedeven"><td><a href="#m3">coach_004_verify_New</a></td><td rowspan="1">1503490277735</td><td rowspan="1">5362</td></tr><tr class="passedeven"><td><a href="#m4">coach_005_verify_Women</a></td><td rowspan="1">1503490285431</td><td rowspan="1">2397</td></tr><tr class="passedeven"><td><a href="#m5">coach_006_verify_Men</a></td><td rowspan="1">1503490289563</td><td rowspan="1">2578</td></tr><tr class="passedeven"><td><a href="#m6">coach_007_verify_COACH_1941</a></td><td rowspan="1">1503490293938</td><td rowspan="1">1917</td></tr><tr class="passedeven"><td><a href="#m7">coach_008_verify_Personalize</a></td><td rowspan="1">1503490297822</td><td rowspan="1">2198</td></tr><tr class="passedeven"><td><a href="#m8">coach_009_verify_Gifts</a></td><td rowspan="1">1503490302762</td><td rowspan="1">2687</td></tr><tr class="passedeven"><td><a href="#m9">coach_010_verify_Sale</a></td><td rowspan="1">1503490307252</td><td rowspan="1">4946</td></tr></tbody></table><h2>VerifyHomePage</h2><h3 id="m0">Verify_Homepage.VerifyHomePage_Test#coach_002_verify_Account</h3><table class="result"><tr><th>Exception</th></tr><tr><td><div class="stacktrace">org.openqa.selenium.NoSuchElementException: Unable to locate a node using //a[@id=&apos;drop1&apos;]
For documentation on this error, please visit: http://seleniumhq.org/exceptions/no_such_element.html
Build info: version: &apos;3.4.0&apos;, revision: &apos;unknown&apos;, time: &apos;unknown&apos;
System info: host: &apos;ASDP1744PO02529&apos;, ip: &apos;10.0.12.105&apos;, os.name: &apos;Windows 10&apos;, os.arch: &apos;amd64&apos;, os.version: &apos;10.0&apos;, java.version: &apos;1.8.0_131&apos;
Driver info: driver.version: HtmlUnitDriver
	at org.openqa.selenium.htmlunit.HtmlUnitDriver.findElementByXPath(HtmlUnitDriver.java:1352)
	at org.openqa.selenium.By$ByXPath.findElement(By.java:361)
	at org.openqa.selenium.htmlunit.HtmlUnitDriver$5.call(HtmlUnitDriver.java:1965)
	at org.openqa.selenium.htmlunit.HtmlUnitDriver$5.call(HtmlUnitDriver.java:1)
	at org.openqa.selenium.htmlunit.HtmlUnitDriver.implicitlyWaitFor(HtmlUnitDriver.java:1601)
	at org.openqa.selenium.htmlunit.HtmlUnitDriver.findElement(HtmlUnitDriver.java:1961)
	at org.openqa.selenium.htmlunit.HtmlUnitDriver.findElement(HtmlUnitDriver.java:756)
	at Verify_Homepage.VerifyHomePageMethod.verify_Account(VerifyHomePageMethod.java:31)
	at Verify_Homepage.VerifyHomePage_Test.coach_002_verify_Account(VerifyHomePage_Test.java:33)
... Removed 25 stack frames</div></td></tr></table><p class="totop"><a href="#summary">back to summary</a></p><h3 id="m1">Verify_Homepage.VerifyHomePage_Test#coach_003_verify_wishlist</h3><table class="result"><tr><th>Exception</th></tr><tr><td><div class="stacktrace">org.openqa.selenium.NoSuchElementException: Unable to locate a node using //span[@class=&apos;icm-icon-like&apos;]
For documentation on this error, please visit: http://seleniumhq.org/exceptions/no_such_element.html
Build info: version: &apos;3.4.0&apos;, revision: &apos;unknown&apos;, time: &apos;unknown&apos;
System info: host: &apos;ASDP1744PO02529&apos;, ip: &apos;10.0.12.105&apos;, os.name: &apos;Windows 10&apos;, os.arch: &apos;amd64&apos;, os.version: &apos;10.0&apos;, java.version: &apos;1.8.0_131&apos;
Driver info: driver.version: HtmlUnitDriver
	at org.openqa.selenium.htmlunit.HtmlUnitDriver.findElementByXPath(HtmlUnitDriver.java:1352)
	at org.openqa.selenium.By$ByXPath.findElement(By.java:361)
	at org.openqa.selenium.htmlunit.HtmlUnitDriver$5.call(HtmlUnitDriver.java:1965)
	at org.openqa.selenium.htmlunit.HtmlUnitDriver$5.call(HtmlUnitDriver.java:1)
	at org.openqa.selenium.htmlunit.HtmlUnitDriver.implicitlyWaitFor(HtmlUnitDriver.java:1601)
	at org.openqa.selenium.htmlunit.HtmlUnitDriver.findElement(HtmlUnitDriver.java:1961)
	at org.openqa.selenium.htmlunit.HtmlUnitDriver.findElement(HtmlUnitDriver.java:756)
	at Verify_Homepage.VerifyHomePageMethod.verify_wishlist(VerifyHomePageMethod.java:37)
	at Verify_Homepage.VerifyHomePage_Test.coach_003_verify_wishlist(VerifyHomePage_Test.java:38)
... Removed 25 stack frames</div></td></tr></table><p class="totop"><a href="#summary">back to summary</a></p><h3 id="m2">Verify_Homepage.VerifyHomePage_Test#coach_001_verify_logo</h3><table class="result"><tr><th>Messages</th></tr><tr><td><div class="messages">Coach logo is verified</div></td></tr></table><p class="totop"><a href="#summary">back to summary</a></p><h3 id="m3">Verify_Homepage.VerifyHomePage_Test#coach_004_verify_New</h3><table class="result"><tr><th>Messages</th></tr><tr><td><div class="messages">New Dropdown Menu is working.</div></td></tr></table><p class="totop"><a href="#summary">back to summary</a></p><h3 id="m4">Verify_Homepage.VerifyHomePage_Test#coach_005_verify_Women</h3><table class="result"><tr><th>Messages</th></tr><tr><td><div class="messages">WOMEN Dropdown Menu is working.</div></td></tr></table><p class="totop"><a href="#summary">back to summary</a></p><h3 id="m5">Verify_Homepage.VerifyHomePage_Test#coach_006_verify_Men</h3><table class="result"><tr><th>Messages</th></tr><tr><td><div class="messages">MEN Dropdown Menu is working.</div></td></tr></table><p class="totop"><a href="#summary">back to summary</a></p><h3 id="m6">Verify_Homepage.VerifyHomePage_Test#coach_007_verify_COACH_1941</h3><table class="result"><tr><th>Messages</th></tr><tr><td><div class="messages">COACH 1941 Dropdown Menu is working.</div></td></tr></table><p class="totop"><a href="#summary">back to summary</a></p><h3 id="m7">Verify_Homepage.VerifyHomePage_Test#coach_008_verify_Personalize</h3><table class="result"><tr><th>Messages</th></tr><tr><td><div class="messages">PERSONALIZE Dropdown Menu is working.</div></td></tr></table><p class="totop"><a href="#summary">back to summary</a></p><h3 id="m8">Verify_Homepage.VerifyHomePage_Test#coach_009_verify_Gifts</h3><table class="result"><tr><th>Messages</th></tr><tr><td><div class="messages">GIFTS Dropdown Menu is working.</div></td></tr></table><p class="totop"><a href="#summary">back to summary</a></p><h3 id="m9">Verify_Homepage.VerifyHomePage_Test#coach_010_verify_Sale</h3><table class="result"><tr><th>Messages</th></tr><tr><td><div class="messages">SALE Dropdown Menu is working.</div></td></tr></table><p class="totop"><a href="#summary">back to summary</a></p></body></html>