<?xml version="1.0" encoding="UTF-8"?>
<testng-results skipped="0" failed="2" ignored="0" total="10" passed="8">
  <reporter-output>
    <line>
      <![CDATA[Chrome is startted...]]>
    </line>
    <line>
      <![CDATA[Coach web application Url is launched]]>
    </line>
    <line>
      <![CDATA[Page is Refreshed to get the actual content]]>
    </line>
    <line>
      <![CDATA[Coach logo is verified]]>
    </line>
    <line>
      <![CDATA[Coach web application Url is launched]]>
    </line>
    <line>
      <![CDATA[Page is Refreshed to get the actual content]]>
    </line>
    <line>
      <![CDATA[Coach web application Url is launched]]>
    </line>
    <line>
      <![CDATA[Page is Refreshed to get the actual content]]>
    </line>
    <line>
      <![CDATA[Coach web application Url is launched]]>
    </line>
    <line>
      <![CDATA[Page is Refreshed to get the actual content]]>
    </line>
    <line>
      <![CDATA[New Dropdown Menu is working.]]>
    </line>
    <line>
      <![CDATA[Coach web application Url is launched]]>
    </line>
    <line>
      <![CDATA[Page is Refreshed to get the actual content]]>
    </line>
    <line>
      <![CDATA[WOMEN Dropdown Menu is working.]]>
    </line>
    <line>
      <![CDATA[Coach web application Url is launched]]>
    </line>
    <line>
      <![CDATA[Page is Refreshed to get the actual content]]>
    </line>
    <line>
      <![CDATA[MEN Dropdown Menu is working.]]>
    </line>
    <line>
      <![CDATA[Coach web application Url is launched]]>
    </line>
    <line>
      <![CDATA[Page is Refreshed to get the actual content]]>
    </line>
    <line>
      <![CDATA[COACH 1941 Dropdown Menu is working.]]>
    </line>
    <line>
      <![CDATA[Coach web application Url is launched]]>
    </line>
    <line>
      <![CDATA[Page is Refreshed to get the actual content]]>
    </line>
    <line>
      <![CDATA[PERSONALIZE Dropdown Menu is working.]]>
    </line>
    <line>
      <![CDATA[Coach web application Url is launched]]>
    </line>
    <line>
      <![CDATA[Page is Refreshed to get the actual content]]>
    </line>
    <line>
      <![CDATA[GIFTS Dropdown Menu is working.]]>
    </line>
    <line>
      <![CDATA[Coach web application Url is launched]]>
    </line>
    <line>
      <![CDATA[Page is Refreshed to get the actual content]]>
    </line>
    <line>
      <![CDATA[SALE Dropdown Menu is working.]]>
    </line>
    <line>
      <![CDATA[Browser is closed.]]>
    </line>
  </reporter-output>
  <suite name="Coach" duration-ms="53121" started-at="2017-08-23T12:10:59Z" finished-at="2017-08-23T12:11:52Z">
    <groups>
    </groups>
    <test name="VerifyHomePage" duration-ms="53121" started-at="2017-08-23T12:10:59Z" finished-at="2017-08-23T12:11:52Z">
      <class name="Verify_Homepage.VerifyHomePage_Test">
        <test-method status="PASS" signature="start_browser()[pri:0, instance:Verify_Homepage.VerifyHomePage_Test@2286778]" name="start_browser" is-config="true" duration-ms="1153" started-at="2017-08-23T17:40:59Z" finished-at="2017-08-23T17:41:00Z">
          <reporter-output>
            <line>
              <![CDATA[Chrome is startted...]]>
            </line>
          </reporter-output>
        </test-method> <!-- start_browser -->
        <test-method status="PASS" signature="launch_url()[pri:0, instance:Verify_Homepage.VerifyHomePage_Test@2286778]" name="launch_url" is-config="true" duration-ms="4758" started-at="2017-08-23T17:41:00Z" finished-at="2017-08-23T17:41:05Z">
          <reporter-output>
            <line>
              <![CDATA[Coach web application Url is launched]]>
            </line>
            <line>
              <![CDATA[Page is Refreshed to get the actual content]]>
            </line>
          </reporter-output>
        </test-method> <!-- launch_url -->
        <test-method status="PASS" signature="coach_001_verify_logo()[pri:0, instance:Verify_Homepage.VerifyHomePage_Test@2286778]" name="coach_001_verify_logo" duration-ms="966" started-at="2017-08-23T17:41:05Z" finished-at="2017-08-23T17:41:05Z">
          <reporter-output>
            <line>
              <![CDATA[Coach logo is verified]]>
            </line>
          </reporter-output>
        </test-method> <!-- coach_001_verify_logo -->
        <test-method status="PASS" signature="launch_url()[pri:0, instance:Verify_Homepage.VerifyHomePage_Test@2286778]" name="launch_url" is-config="true" duration-ms="1913" started-at="2017-08-23T17:41:05Z" finished-at="2017-08-23T17:41:07Z">
          <reporter-output>
            <line>
              <![CDATA[Coach web application Url is launched]]>
            </line>
            <line>
              <![CDATA[Page is Refreshed to get the actual content]]>
            </line>
          </reporter-output>
        </test-method> <!-- launch_url -->
        <test-method status="FAIL" signature="coach_002_verify_Account()[pri:0, instance:Verify_Homepage.VerifyHomePage_Test@2286778]" name="coach_002_verify_Account" duration-ms="3157" started-at="2017-08-23T17:41:07Z" finished-at="2017-08-23T17:41:11Z">
          <exception class="org.openqa.selenium.NoSuchElementException">
            <message>
              <![CDATA[Unable to locate a node using //a[@id='drop1']
For documentation on this error, please visit: http://seleniumhq.org/exceptions/no_such_element.html
Build info: version: '3.4.0', revision: 'unknown', time: 'unknown'
System info: host: 'ASDP1744PO02529', ip: '10.0.12.105', os.name: 'Windows 10', os.arch: 'amd64', os.version: '10.0', java.version: '1.8.0_131'
Driver info: driver.version: HtmlUnitDriver]]>
            </message>
            <full-stacktrace>
              <![CDATA[org.openqa.selenium.NoSuchElementException: Unable to locate a node using //a[@id='drop1']
For documentation on this error, please visit: http://seleniumhq.org/exceptions/no_such_element.html
Build info: version: '3.4.0', revision: 'unknown', time: 'unknown'
System info: host: 'ASDP1744PO02529', ip: '10.0.12.105', os.name: 'Windows 10', os.arch: 'amd64', os.version: '10.0', java.version: '1.8.0_131'
Driver info: driver.version: HtmlUnitDriver
	at org.openqa.selenium.htmlunit.HtmlUnitDriver.findElementByXPath(HtmlUnitDriver.java:1352)
	at org.openqa.selenium.By$ByXPath.findElement(By.java:361)
	at org.openqa.selenium.htmlunit.HtmlUnitDriver$5.call(HtmlUnitDriver.java:1965)
	at org.openqa.selenium.htmlunit.HtmlUnitDriver$5.call(HtmlUnitDriver.java:1)
	at org.openqa.selenium.htmlunit.HtmlUnitDriver.implicitlyWaitFor(HtmlUnitDriver.java:1601)
	at org.openqa.selenium.htmlunit.HtmlUnitDriver.findElement(HtmlUnitDriver.java:1961)
	at org.openqa.selenium.htmlunit.HtmlUnitDriver.findElement(HtmlUnitDriver.java:756)
	at Verify_Homepage.VerifyHomePageMethod.verify_Account(VerifyHomePageMethod.java:31)
	at Verify_Homepage.VerifyHomePage_Test.coach_002_verify_Account(VerifyHomePage_Test.java:33)
	at sun.reflect.NativeMethodAccessorImpl.invoke0(Native Method)
	at sun.reflect.NativeMethodAccessorImpl.invoke(NativeMethodAccessorImpl.java:62)
	at sun.reflect.DelegatingMethodAccessorImpl.invoke(DelegatingMethodAccessorImpl.java:43)
	at java.lang.reflect.Method.invoke(Method.java:498)
	at org.testng.internal.MethodInvocationHelper.invokeMethod(MethodInvocationHelper.java:108)
	at org.testng.internal.Invoker.invokeMethod(Invoker.java:661)
	at org.testng.internal.Invoker.invokeTestMethod(Invoker.java:869)
	at org.testng.internal.Invoker.invokeTestMethods(Invoker.java:1193)
	at org.testng.internal.TestMethodWorker.invokeTestMethods(TestMethodWorker.java:126)
	at org.testng.internal.TestMethodWorker.run(TestMethodWorker.java:109)
	at org.testng.TestRunner.privateRun(TestRunner.java:744)
	at org.testng.TestRunner.run(TestRunner.java:602)
	at org.testng.SuiteRunner.runTest(SuiteRunner.java:380)
	at org.testng.SuiteRunner.runSequentially(SuiteRunner.java:375)
	at org.testng.SuiteRunner.privateRun(SuiteRunner.java:340)
	at org.testng.SuiteRunner.run(SuiteRunner.java:289)
	at org.testng.SuiteRunnerWorker.runSuite(SuiteRunnerWorker.java:52)
	at org.testng.SuiteRunnerWorker.run(SuiteRunnerWorker.java:86)
	at org.testng.TestNG.runSuitesSequentially(TestNG.java:1301)
	at org.testng.TestNG.runSuitesLocally(TestNG.java:1226)
	at org.testng.TestNG.runSuites(TestNG.java:1144)
	at org.testng.TestNG.run(TestNG.java:1115)
	at org.testng.remote.AbstractRemoteTestNG.run(AbstractRemoteTestNG.java:132)
	at org.testng.remote.RemoteTestNG.initAndRun(RemoteTestNG.java:230)
	at org.testng.remote.RemoteTestNG.main(RemoteTestNG.java:76)
]]>
            </full-stacktrace>
          </exception> <!-- org.openqa.selenium.NoSuchElementException -->
          <reporter-output>
          </reporter-output>
        </test-method> <!-- coach_002_verify_Account -->
        <test-method status="PASS" signature="launch_url()[pri:0, instance:Verify_Homepage.VerifyHomePage_Test@2286778]" name="launch_url" is-config="true" duration-ms="1775" started-at="2017-08-23T17:41:11Z" finished-at="2017-08-23T17:41:12Z">
          <reporter-output>
            <line>
              <![CDATA[Coach web application Url is launched]]>
            </line>
            <line>
              <![CDATA[Page is Refreshed to get the actual content]]>
            </line>
          </reporter-output>
        </test-method> <!-- launch_url -->
        <test-method status="FAIL" signature="coach_003_verify_wishlist()[pri:0, instance:Verify_Homepage.VerifyHomePage_Test@2286778]" name="coach_003_verify_wishlist" duration-ms="3053" started-at="2017-08-23T17:41:12Z" finished-at="2017-08-23T17:41:15Z">
          <exception class="org.openqa.selenium.NoSuchElementException">
            <message>
              <![CDATA[Unable to locate a node using //span[@class='icm-icon-like']
For documentation on this error, please visit: http://seleniumhq.org/exceptions/no_such_element.html
Build info: version: '3.4.0', revision: 'unknown', time: 'unknown'
System info: host: 'ASDP1744PO02529', ip: '10.0.12.105', os.name: 'Windows 10', os.arch: 'amd64', os.version: '10.0', java.version: '1.8.0_131'
Driver info: driver.version: HtmlUnitDriver]]>
            </message>
            <full-stacktrace>
              <![CDATA[org.openqa.selenium.NoSuchElementException: Unable to locate a node using //span[@class='icm-icon-like']
For documentation on this error, please visit: http://seleniumhq.org/exceptions/no_such_element.html
Build info: version: '3.4.0', revision: 'unknown', time: 'unknown'
System info: host: 'ASDP1744PO02529', ip: '10.0.12.105', os.name: 'Windows 10', os.arch: 'amd64', os.version: '10.0', java.version: '1.8.0_131'
Driver info: driver.version: HtmlUnitDriver
	at org.openqa.selenium.htmlunit.HtmlUnitDriver.findElementByXPath(HtmlUnitDriver.java:1352)
	at org.openqa.selenium.By$ByXPath.findElement(By.java:361)
	at org.openqa.selenium.htmlunit.HtmlUnitDriver$5.call(HtmlUnitDriver.java:1965)
	at org.openqa.selenium.htmlunit.HtmlUnitDriver$5.call(HtmlUnitDriver.java:1)
	at org.openqa.selenium.htmlunit.HtmlUnitDriver.implicitlyWaitFor(HtmlUnitDriver.java:1601)
	at org.openqa.selenium.htmlunit.HtmlUnitDriver.findElement(HtmlUnitDriver.java:1961)
	at org.openqa.selenium.htmlunit.HtmlUnitDriver.findElement(HtmlUnitDriver.java:756)
	at Verify_Homepage.VerifyHomePageMethod.verify_wishlist(VerifyHomePageMethod.java:37)
	at Verify_Homepage.VerifyHomePage_Test.coach_003_verify_wishlist(VerifyHomePage_Test.java:38)
	at sun.reflect.NativeMethodAccessorImpl.invoke0(Native Method)
	at sun.reflect.NativeMethodAccessorImpl.invoke(NativeMethodAccessorImpl.java:62)
	at sun.reflect.DelegatingMethodAccessorImpl.invoke(DelegatingMethodAccessorImpl.java:43)
	at java.lang.reflect.Method.invoke(Method.java:498)
	at org.testng.internal.MethodInvocationHelper.invokeMethod(MethodInvocationHelper.java:108)
	at org.testng.internal.Invoker.invokeMethod(Invoker.java:661)
	at org.testng.internal.Invoker.invokeTestMethod(Invoker.java:869)
	at org.testng.internal.Invoker.invokeTestMethods(Invoker.java:1193)
	at org.testng.internal.TestMethodWorker.invokeTestMethods(TestMethodWorker.java:126)
	at org.testng.internal.TestMethodWorker.run(TestMethodWorker.java:109)
	at org.testng.TestRunner.privateRun(TestRunner.java:744)
	at org.testng.TestRunner.run(TestRunner.java:602)
	at org.testng.SuiteRunner.runTest(SuiteRunner.java:380)
	at org.testng.SuiteRunner.runSequentially(SuiteRunner.java:375)
	at org.testng.SuiteRunner.privateRun(SuiteRunner.java:340)
	at org.testng.SuiteRunner.run(SuiteRunner.java:289)
	at org.testng.SuiteRunnerWorker.runSuite(SuiteRunnerWorker.java:52)
	at org.testng.SuiteRunnerWorker.run(SuiteRunnerWorker.java:86)
	at org.testng.TestNG.runSuitesSequentially(TestNG.java:1301)
	at org.testng.TestNG.runSuitesLocally(TestNG.java:1226)
	at org.testng.TestNG.runSuites(TestNG.java:1144)
	at org.testng.TestNG.run(TestNG.java:1115)
	at org.testng.remote.AbstractRemoteTestNG.run(AbstractRemoteTestNG.java:132)
	at org.testng.remote.RemoteTestNG.initAndRun(RemoteTestNG.java:230)
	at org.testng.remote.RemoteTestNG.main(RemoteTestNG.java:76)
]]>
            </full-stacktrace>
          </exception> <!-- org.openqa.selenium.NoSuchElementException -->
          <reporter-output>
          </reporter-output>
        </test-method> <!-- coach_003_verify_wishlist -->
        <test-method status="PASS" signature="launch_url()[pri:0, instance:Verify_Homepage.VerifyHomePage_Test@2286778]" name="launch_url" is-config="true" duration-ms="1829" started-at="2017-08-23T17:41:15Z" finished-at="2017-08-23T17:41:17Z">
          <reporter-output>
            <line>
              <![CDATA[Coach web application Url is launched]]>
            </line>
            <line>
              <![CDATA[Page is Refreshed to get the actual content]]>
            </line>
          </reporter-output>
        </test-method> <!-- launch_url -->
        <test-method status="PASS" signature="coach_004_verify_New()[pri:0, instance:Verify_Homepage.VerifyHomePage_Test@2286778]" name="coach_004_verify_New" duration-ms="5362" started-at="2017-08-23T17:41:17Z" finished-at="2017-08-23T17:41:23Z">
          <reporter-output>
            <line>
              <![CDATA[New Dropdown Menu is working.]]>
            </line>
          </reporter-output>
        </test-method> <!-- coach_004_verify_New -->
        <test-method status="PASS" signature="launch_url()[pri:0, instance:Verify_Homepage.VerifyHomePage_Test@2286778]" name="launch_url" is-config="true" duration-ms="2328" started-at="2017-08-23T17:41:23Z" finished-at="2017-08-23T17:41:25Z">
          <reporter-output>
            <line>
              <![CDATA[Coach web application Url is launched]]>
            </line>
            <line>
              <![CDATA[Page is Refreshed to get the actual content]]>
            </line>
          </reporter-output>
        </test-method> <!-- launch_url -->
        <test-method status="PASS" signature="coach_005_verify_Women()[pri:0, instance:Verify_Homepage.VerifyHomePage_Test@2286778]" name="coach_005_verify_Women" duration-ms="2397" started-at="2017-08-23T17:41:25Z" finished-at="2017-08-23T17:41:27Z">
          <reporter-output>
            <line>
              <![CDATA[WOMEN Dropdown Menu is working.]]>
            </line>
          </reporter-output>
        </test-method> <!-- coach_005_verify_Women -->
        <test-method status="PASS" signature="launch_url()[pri:0, instance:Verify_Homepage.VerifyHomePage_Test@2286778]" name="launch_url" is-config="true" duration-ms="1722" started-at="2017-08-23T17:41:27Z" finished-at="2017-08-23T17:41:29Z">
          <reporter-output>
            <line>
              <![CDATA[Coach web application Url is launched]]>
            </line>
            <line>
              <![CDATA[Page is Refreshed to get the actual content]]>
            </line>
          </reporter-output>
        </test-method> <!-- launch_url -->
        <test-method status="PASS" signature="coach_006_verify_Men()[pri:0, instance:Verify_Homepage.VerifyHomePage_Test@2286778]" name="coach_006_verify_Men" duration-ms="2578" started-at="2017-08-23T17:41:29Z" finished-at="2017-08-23T17:41:32Z">
          <reporter-output>
            <line>
              <![CDATA[MEN Dropdown Menu is working.]]>
            </line>
          </reporter-output>
        </test-method> <!-- coach_006_verify_Men -->
        <test-method status="PASS" signature="launch_url()[pri:0, instance:Verify_Homepage.VerifyHomePage_Test@2286778]" name="launch_url" is-config="true" duration-ms="1797" started-at="2017-08-23T17:41:32Z" finished-at="2017-08-23T17:41:33Z">
          <reporter-output>
            <line>
              <![CDATA[Coach web application Url is launched]]>
            </line>
            <line>
              <![CDATA[Page is Refreshed to get the actual content]]>
            </line>
          </reporter-output>
        </test-method> <!-- launch_url -->
        <test-method status="PASS" signature="coach_007_verify_COACH_1941()[pri:0, instance:Verify_Homepage.VerifyHomePage_Test@2286778]" name="coach_007_verify_COACH_1941" duration-ms="1917" started-at="2017-08-23T17:41:33Z" finished-at="2017-08-23T17:41:35Z">
          <reporter-output>
            <line>
              <![CDATA[COACH 1941 Dropdown Menu is working.]]>
            </line>
          </reporter-output>
        </test-method> <!-- coach_007_verify_COACH_1941 -->
        <test-method status="PASS" signature="launch_url()[pri:0, instance:Verify_Homepage.VerifyHomePage_Test@2286778]" name="launch_url" is-config="true" duration-ms="1951" started-at="2017-08-23T17:41:35Z" finished-at="2017-08-23T17:41:37Z">
          <reporter-output>
            <line>
              <![CDATA[Coach web application Url is launched]]>
            </line>
            <line>
              <![CDATA[Page is Refreshed to get the actual content]]>
            </line>
          </reporter-output>
        </test-method> <!-- launch_url -->
        <test-method status="PASS" signature="coach_008_verify_Personalize()[pri:0, instance:Verify_Homepage.VerifyHomePage_Test@2286778]" name="coach_008_verify_Personalize" duration-ms="2198" started-at="2017-08-23T17:41:37Z" finished-at="2017-08-23T17:41:40Z">
          <reporter-output>
            <line>
              <![CDATA[PERSONALIZE Dropdown Menu is working.]]>
            </line>
          </reporter-output>
        </test-method> <!-- coach_008_verify_Personalize -->
        <test-method status="PASS" signature="launch_url()[pri:0, instance:Verify_Homepage.VerifyHomePage_Test@2286778]" name="launch_url" is-config="true" duration-ms="2727" started-at="2017-08-23T17:41:40Z" finished-at="2017-08-23T17:41:42Z">
          <reporter-output>
            <line>
              <![CDATA[Coach web application Url is launched]]>
            </line>
            <line>
              <![CDATA[Page is Refreshed to get the actual content]]>
            </line>
          </reporter-output>
        </test-method> <!-- launch_url -->
        <test-method status="PASS" signature="coach_009_verify_Gifts()[pri:0, instance:Verify_Homepage.VerifyHomePage_Test@2286778]" name="coach_009_verify_Gifts" duration-ms="2687" started-at="2017-08-23T17:41:42Z" finished-at="2017-08-23T17:41:45Z">
          <reporter-output>
            <line>
              <![CDATA[GIFTS Dropdown Menu is working.]]>
            </line>
          </reporter-output>
        </test-method> <!-- coach_009_verify_Gifts -->
        <test-method status="PASS" signature="launch_url()[pri:0, instance:Verify_Homepage.VerifyHomePage_Test@2286778]" name="launch_url" is-config="true" duration-ms="1800" started-at="2017-08-23T17:41:45Z" finished-at="2017-08-23T17:41:47Z">
          <reporter-output>
            <line>
              <![CDATA[Coach web application Url is launched]]>
            </line>
            <line>
              <![CDATA[Page is Refreshed to get the actual content]]>
            </line>
          </reporter-output>
        </test-method> <!-- launch_url -->
        <test-method status="PASS" signature="coach_010_verify_Sale()[pri:0, instance:Verify_Homepage.VerifyHomePage_Test@2286778]" name="coach_010_verify_Sale" duration-ms="4946" started-at="2017-08-23T17:41:47Z" finished-at="2017-08-23T17:41:52Z">
          <reporter-output>
            <line>
              <![CDATA[SALE Dropdown Menu is working.]]>
            </line>
          </reporter-output>
        </test-method> <!-- coach_010_verify_Sale -->
        <test-method status="PASS" signature="close_browser()[pri:0, instance:Verify_Homepage.VerifyHomePage_Test@2286778]" name="close_browser" is-config="true" duration-ms="0" started-at="2017-08-23T17:41:52Z" finished-at="2017-08-23T17:41:52Z">
          <reporter-output>
            <line>
              <![CDATA[Browser is closed.]]>
            </line>
          </reporter-output>
        </test-method> <!-- close_browser -->
      </class> <!-- Verify_Homepage.VerifyHomePage_Test -->
    </test> <!-- VerifyHomePage -->
  </suite> <!-- Coach -->
</testng-results>
