<html>
<head>
<title>TestNG:  VerifyHomePage</title>
<link href="../testng.css" rel="stylesheet" type="text/css" />
<link href="../my-testng.css" rel="stylesheet" type="text/css" />

<style type="text/css">
.log { display: none;} 
.stack-trace { display: none;} 
</style>
<script type="text/javascript">
<!--
function flip(e) {
  current = e.style.display;
  if (current == 'block') {
    e.style.display = 'none';
    return 0;
  }
  else {
    e.style.display = 'block';
    return 1;
  }
}

function toggleBox(szDivId, elem, msg1, msg2)
{
  var res = -1;  if (document.getElementById) {
    res = flip(document.getElementById(szDivId));
  }
  else if (document.all) {
    // this is the way old msie versions work
    res = flip(document.all[szDivId]);
  }
  if(elem) {
    if(res == 0) elem.innerHTML = msg1; else elem.innerHTML = msg2;
  }

}

function toggleAllBoxes() {
  if (document.getElementsByTagName) {
    d = document.getElementsByTagName('div');
    for (i = 0; i < d.length; i++) {
      if (d[i].className == 'log') {
        flip(d[i]);
      }
    }
  }
}

// -->
</script>

</head>
<body>
<h2 align='center'>VerifyHomePage</h2><table border='1' align="center">
<tr>
<td>Tests passed/Failed/Skipped:</td><td>8/2/0</td>
</tr><tr>
<td>Started on:</td><td>Wed Aug 23 17:40:59 IST 2017</td>
</tr>
<tr><td>Total time:</td><td>53 seconds (53121 ms)</td>
</tr><tr>
<td>Included groups:</td><td></td>
</tr><tr>
<td>Excluded groups:</td><td></td>
</tr>
</table><p/>
<small><i>(Hover the method name to see the test class name)</i></small><p/>
<table width='100%' border='1' class='invocation-failed'>
<tr><td colspan='4' align='center'><b>FAILED TESTS</b></td></tr>
<tr><td><b>Test method</b></td>
<td width="30%"><b>Exception</b></td>
<td width="10%"><b>Time (seconds)</b></td>
<td><b>Instance</b></td>
</tr>
<tr>
<td title='Verify_Homepage.VerifyHomePage_Test.coach_002_verify_Account()'><b>coach_002_verify_Account</b><br>Test class: Verify_Homepage.VerifyHomePage_Test</td>
<td><div><pre>org.openqa.selenium.NoSuchElementException: Unable to locate a node using //a[@id=&apos;drop1&apos;]
For documentation on this error, please visit: http://seleniumhq.org/exceptions/no_such_element.html
Build info: version: &apos;3.4.0&apos;, revision: &apos;unknown&apos;, time: &apos;unknown&apos;
System info: host: &apos;ASDP1744PO02529&apos;, ip: &apos;10.0.12.105&apos;, os.name: &apos;Windows 10&apos;, os.arch: &apos;amd64&apos;, os.version: &apos;10.0&apos;, java.version: &apos;1.8.0_131&apos;
Driver info: driver.version: HtmlUnitDriver
	at org.openqa.selenium.htmlunit.HtmlUnitDriver.findElementByXPath(HtmlUnitDriver.java:1352)
	at org.openqa.selenium.By$ByXPath.findElement(By.java:361)
	at org.openqa.selenium.htmlunit.HtmlUnitDriver$5.call(HtmlUnitDriver.java:1965)
	at org.openqa.selenium.htmlunit.HtmlUnitDriver$5.call(HtmlUnitDriver.java:1)
	at org.openqa.selenium.htmlunit.HtmlUnitDriver.implicitlyWaitFor(HtmlUnitDriver.java:1601)
	at org.openqa.selenium.htmlunit.HtmlUnitDriver.findElement(HtmlUnitDriver.java:1961)
	at org.openqa.selenium.htmlunit.HtmlUnitDriver.findElement(HtmlUnitDriver.java:756)
	at Verify_Homepage.VerifyHomePageMethod.verify_Account(VerifyHomePageMethod.java:31)
	at Verify_Homepage.VerifyHomePage_Test.coach_002_verify_Account(VerifyHomePage_Test.java:33)
... Removed 25 stack frames</pre></div><a href='#' onClick='toggleBox("stack-trace198098993", this, "Click to show all stack frames", "Click to hide stack frames")'>Click to show all stack frames</a>
<div class='stack-trace' id='stack-trace198098993'><pre>org.openqa.selenium.NoSuchElementException: Unable to locate a node using //a[@id=&apos;drop1&apos;]
For documentation on this error, please visit: http://seleniumhq.org/exceptions/no_such_element.html
Build info: version: &apos;3.4.0&apos;, revision: &apos;unknown&apos;, time: &apos;unknown&apos;
System info: host: &apos;ASDP1744PO02529&apos;, ip: &apos;10.0.12.105&apos;, os.name: &apos;Windows 10&apos;, os.arch: &apos;amd64&apos;, os.version: &apos;10.0&apos;, java.version: &apos;1.8.0_131&apos;
Driver info: driver.version: HtmlUnitDriver
	at org.openqa.selenium.htmlunit.HtmlUnitDriver.findElementByXPath(HtmlUnitDriver.java:1352)
	at org.openqa.selenium.By$ByXPath.findElement(By.java:361)
	at org.openqa.selenium.htmlunit.HtmlUnitDriver$5.call(HtmlUnitDriver.java:1965)
	at org.openqa.selenium.htmlunit.HtmlUnitDriver$5.call(HtmlUnitDriver.java:1)
	at org.openqa.selenium.htmlunit.HtmlUnitDriver.implicitlyWaitFor(HtmlUnitDriver.java:1601)
	at org.openqa.selenium.htmlunit.HtmlUnitDriver.findElement(HtmlUnitDriver.java:1961)
	at org.openqa.selenium.htmlunit.HtmlUnitDriver.findElement(HtmlUnitDriver.java:756)
	at Verify_Homepage.VerifyHomePageMethod.verify_Account(VerifyHomePageMethod.java:31)
	at Verify_Homepage.VerifyHomePage_Test.coach_002_verify_Account(VerifyHomePage_Test.java:33)
	at sun.reflect.NativeMethodAccessorImpl.invoke0(Native Method)
	at sun.reflect.NativeMethodAccessorImpl.invoke(NativeMethodAccessorImpl.java:62)
	at sun.reflect.DelegatingMethodAccessorImpl.invoke(DelegatingMethodAccessorImpl.java:43)
	at java.lang.reflect.Method.invoke(Method.java:498)
	at org.testng.internal.MethodInvocationHelper.invokeMethod(MethodInvocationHelper.java:108)
	at org.testng.internal.Invoker.invokeMethod(Invoker.java:661)
	at org.testng.internal.Invoker.invokeTestMethod(Invoker.java:869)
	at org.testng.internal.Invoker.invokeTestMethods(Invoker.java:1193)
	at org.testng.internal.TestMethodWorker.invokeTestMethods(TestMethodWorker.java:126)
	at org.testng.internal.TestMethodWorker.run(TestMethodWorker.java:109)
	at org.testng.TestRunner.privateRun(TestRunner.java:744)
	at org.testng.TestRunner.run(TestRunner.java:602)
	at org.testng.SuiteRunner.runTest(SuiteRunner.java:380)
	at org.testng.SuiteRunner.runSequentially(SuiteRunner.java:375)
	at org.testng.SuiteRunner.privateRun(SuiteRunner.java:340)
	at org.testng.SuiteRunner.run(SuiteRunner.java:289)
	at org.testng.SuiteRunnerWorker.runSuite(SuiteRunnerWorker.java:52)
	at org.testng.SuiteRunnerWorker.run(SuiteRunnerWorker.java:86)
	at org.testng.TestNG.runSuitesSequentially(TestNG.java:1301)
	at org.testng.TestNG.runSuitesLocally(TestNG.java:1226)
	at org.testng.TestNG.runSuites(TestNG.java:1144)
	at org.testng.TestNG.run(TestNG.java:1115)
	at org.testng.remote.AbstractRemoteTestNG.run(AbstractRemoteTestNG.java:132)
	at org.testng.remote.RemoteTestNG.initAndRun(RemoteTestNG.java:230)
	at org.testng.remote.RemoteTestNG.main(RemoteTestNG.java:76)
</pre></div></td>
<td>3</td>
<td>Verify_Homepage.VerifyHomePage_Test@2286778</td></tr>
<tr>
<td title='Verify_Homepage.VerifyHomePage_Test.coach_003_verify_wishlist()'><b>coach_003_verify_wishlist</b><br>Test class: Verify_Homepage.VerifyHomePage_Test</td>
<td><div><pre>org.openqa.selenium.NoSuchElementException: Unable to locate a node using //span[@class=&apos;icm-icon-like&apos;]
For documentation on this error, please visit: http://seleniumhq.org/exceptions/no_such_element.html
Build info: version: &apos;3.4.0&apos;, revision: &apos;unknown&apos;, time: &apos;unknown&apos;
System info: host: &apos;ASDP1744PO02529&apos;, ip: &apos;10.0.12.105&apos;, os.name: &apos;Windows 10&apos;, os.arch: &apos;amd64&apos;, os.version: &apos;10.0&apos;, java.version: &apos;1.8.0_131&apos;
Driver info: driver.version: HtmlUnitDriver
	at org.openqa.selenium.htmlunit.HtmlUnitDriver.findElementByXPath(HtmlUnitDriver.java:1352)
	at org.openqa.selenium.By$ByXPath.findElement(By.java:361)
	at org.openqa.selenium.htmlunit.HtmlUnitDriver$5.call(HtmlUnitDriver.java:1965)
	at org.openqa.selenium.htmlunit.HtmlUnitDriver$5.call(HtmlUnitDriver.java:1)
	at org.openqa.selenium.htmlunit.HtmlUnitDriver.implicitlyWaitFor(HtmlUnitDriver.java:1601)
	at org.openqa.selenium.htmlunit.HtmlUnitDriver.findElement(HtmlUnitDriver.java:1961)
	at org.openqa.selenium.htmlunit.HtmlUnitDriver.findElement(HtmlUnitDriver.java:756)
	at Verify_Homepage.VerifyHomePageMethod.verify_wishlist(VerifyHomePageMethod.java:37)
	at Verify_Homepage.VerifyHomePage_Test.coach_003_verify_wishlist(VerifyHomePage_Test.java:38)
... Removed 25 stack frames</pre></div><a href='#' onClick='toggleBox("stack-trace1649847375", this, "Click to show all stack frames", "Click to hide stack frames")'>Click to show all stack frames</a>
<div class='stack-trace' id='stack-trace1649847375'><pre>org.openqa.selenium.NoSuchElementException: Unable to locate a node using //span[@class=&apos;icm-icon-like&apos;]
For documentation on this error, please visit: http://seleniumhq.org/exceptions/no_such_element.html
Build info: version: &apos;3.4.0&apos;, revision: &apos;unknown&apos;, time: &apos;unknown&apos;
System info: host: &apos;ASDP1744PO02529&apos;, ip: &apos;10.0.12.105&apos;, os.name: &apos;Windows 10&apos;, os.arch: &apos;amd64&apos;, os.version: &apos;10.0&apos;, java.version: &apos;1.8.0_131&apos;
Driver info: driver.version: HtmlUnitDriver
	at org.openqa.selenium.htmlunit.HtmlUnitDriver.findElementByXPath(HtmlUnitDriver.java:1352)
	at org.openqa.selenium.By$ByXPath.findElement(By.java:361)
	at org.openqa.selenium.htmlunit.HtmlUnitDriver$5.call(HtmlUnitDriver.java:1965)
	at org.openqa.selenium.htmlunit.HtmlUnitDriver$5.call(HtmlUnitDriver.java:1)
	at org.openqa.selenium.htmlunit.HtmlUnitDriver.implicitlyWaitFor(HtmlUnitDriver.java:1601)
	at org.openqa.selenium.htmlunit.HtmlUnitDriver.findElement(HtmlUnitDriver.java:1961)
	at org.openqa.selenium.htmlunit.HtmlUnitDriver.findElement(HtmlUnitDriver.java:756)
	at Verify_Homepage.VerifyHomePageMethod.verify_wishlist(VerifyHomePageMethod.java:37)
	at Verify_Homepage.VerifyHomePage_Test.coach_003_verify_wishlist(VerifyHomePage_Test.java:38)
	at sun.reflect.NativeMethodAccessorImpl.invoke0(Native Method)
	at sun.reflect.NativeMethodAccessorImpl.invoke(NativeMethodAccessorImpl.java:62)
	at sun.reflect.DelegatingMethodAccessorImpl.invoke(DelegatingMethodAccessorImpl.java:43)
	at java.lang.reflect.Method.invoke(Method.java:498)
	at org.testng.internal.MethodInvocationHelper.invokeMethod(MethodInvocationHelper.java:108)
	at org.testng.internal.Invoker.invokeMethod(Invoker.java:661)
	at org.testng.internal.Invoker.invokeTestMethod(Invoker.java:869)
	at org.testng.internal.Invoker.invokeTestMethods(Invoker.java:1193)
	at org.testng.internal.TestMethodWorker.invokeTestMethods(TestMethodWorker.java:126)
	at org.testng.internal.TestMethodWorker.run(TestMethodWorker.java:109)
	at org.testng.TestRunner.privateRun(TestRunner.java:744)
	at org.testng.TestRunner.run(TestRunner.java:602)
	at org.testng.SuiteRunner.runTest(SuiteRunner.java:380)
	at org.testng.SuiteRunner.runSequentially(SuiteRunner.java:375)
	at org.testng.SuiteRunner.privateRun(SuiteRunner.java:340)
	at org.testng.SuiteRunner.run(SuiteRunner.java:289)
	at org.testng.SuiteRunnerWorker.runSuite(SuiteRunnerWorker.java:52)
	at org.testng.SuiteRunnerWorker.run(SuiteRunnerWorker.java:86)
	at org.testng.TestNG.runSuitesSequentially(TestNG.java:1301)
	at org.testng.TestNG.runSuitesLocally(TestNG.java:1226)
	at org.testng.TestNG.runSuites(TestNG.java:1144)
	at org.testng.TestNG.run(TestNG.java:1115)
	at org.testng.remote.AbstractRemoteTestNG.run(AbstractRemoteTestNG.java:132)
	at org.testng.remote.RemoteTestNG.initAndRun(RemoteTestNG.java:230)
	at org.testng.remote.RemoteTestNG.main(RemoteTestNG.java:76)
</pre></div></td>
<td>3</td>
<td>Verify_Homepage.VerifyHomePage_Test@2286778</td></tr>
</table><p>
<table width='100%' border='1' class='invocation-passed'>
<tr><td colspan='4' align='center'><b>PASSED TESTS</b></td></tr>
<tr><td><b>Test method</b></td>
<td width="30%"><b>Exception</b></td>
<td width="10%"><b>Time (seconds)</b></td>
<td><b>Instance</b></td>
</tr>
<tr>
<td title='Verify_Homepage.VerifyHomePage_Test.coach_001_verify_logo()'><b>coach_001_verify_logo</b><br>Test class: Verify_Homepage.VerifyHomePage_Test<br/>
<a href="#Output-418513504" onClick='toggleBox("Output-418513504", this, "Show output", "Hide output");'>Show output</a>

<a href="#Output-418513504" onClick="toggleAllBoxes();">Show all outputs</a>
<div class='log' id="Output-418513504">
Coach logo is verified<br/>
</div>
</td>
<td></td>
<td>0</td>
<td>Verify_Homepage.VerifyHomePage_Test@2286778</td></tr>
<tr>
<td title='Verify_Homepage.VerifyHomePage_Test.coach_004_verify_New()'><b>coach_004_verify_New</b><br>Test class: Verify_Homepage.VerifyHomePage_Test<br/>
<a href="#Output-300104620" onClick='toggleBox("Output-300104620", this, "Show output", "Hide output");'>Show output</a>

<a href="#Output-300104620" onClick="toggleAllBoxes();">Show all outputs</a>
<div class='log' id="Output-300104620">
New Dropdown Menu is working.<br/>
</div>
</td>
<td></td>
<td>5</td>
<td>Verify_Homepage.VerifyHomePage_Test@2286778</td></tr>
<tr>
<td title='Verify_Homepage.VerifyHomePage_Test.coach_005_verify_Women()'><b>coach_005_verify_Women</b><br>Test class: Verify_Homepage.VerifyHomePage_Test<br/>
<a href="#Output-1349373781" onClick='toggleBox("Output-1349373781", this, "Show output", "Hide output");'>Show output</a>

<a href="#Output-1349373781" onClick="toggleAllBoxes();">Show all outputs</a>
<div class='log' id="Output-1349373781">
WOMEN Dropdown Menu is working.<br/>
</div>
</td>
<td></td>
<td>2</td>
<td>Verify_Homepage.VerifyHomePage_Test@2286778</td></tr>
<tr>
<td title='Verify_Homepage.VerifyHomePage_Test.coach_006_verify_Men()'><b>coach_006_verify_Men</b><br>Test class: Verify_Homepage.VerifyHomePage_Test<br/>
<a href="#Output-1347294617" onClick='toggleBox("Output-1347294617", this, "Show output", "Hide output");'>Show output</a>

<a href="#Output-1347294617" onClick="toggleAllBoxes();">Show all outputs</a>
<div class='log' id="Output-1347294617">
MEN Dropdown Menu is working.<br/>
</div>
</td>
<td></td>
<td>2</td>
<td>Verify_Homepage.VerifyHomePage_Test@2286778</td></tr>
<tr>
<td title='Verify_Homepage.VerifyHomePage_Test.coach_007_verify_COACH_1941()'><b>coach_007_verify_COACH_1941</b><br>Test class: Verify_Homepage.VerifyHomePage_Test<br/>
<a href="#Output-1881585646" onClick='toggleBox("Output-1881585646", this, "Show output", "Hide output");'>Show output</a>

<a href="#Output-1881585646" onClick="toggleAllBoxes();">Show all outputs</a>
<div class='log' id="Output-1881585646">
COACH 1941 Dropdown Menu is working.<br/>
</div>
</td>
<td></td>
<td>1</td>
<td>Verify_Homepage.VerifyHomePage_Test@2286778</td></tr>
<tr>
<td title='Verify_Homepage.VerifyHomePage_Test.coach_008_verify_Personalize()'><b>coach_008_verify_Personalize</b><br>Test class: Verify_Homepage.VerifyHomePage_Test<br/>
<a href="#Output-1142402835" onClick='toggleBox("Output-1142402835", this, "Show output", "Hide output");'>Show output</a>

<a href="#Output-1142402835" onClick="toggleAllBoxes();">Show all outputs</a>
<div class='log' id="Output-1142402835">
PERSONALIZE Dropdown Menu is working.<br/>
</div>
</td>
<td></td>
<td>2</td>
<td>Verify_Homepage.VerifyHomePage_Test@2286778</td></tr>
<tr>
<td title='Verify_Homepage.VerifyHomePage_Test.coach_009_verify_Gifts()'><b>coach_009_verify_Gifts</b><br>Test class: Verify_Homepage.VerifyHomePage_Test<br/>
<a href="#Output-1820355723" onClick='toggleBox("Output-1820355723", this, "Show output", "Hide output");'>Show output</a>

<a href="#Output-1820355723" onClick="toggleAllBoxes();">Show all outputs</a>
<div class='log' id="Output-1820355723">
GIFTS Dropdown Menu is working.<br/>
</div>
</td>
<td></td>
<td>2</td>
<td>Verify_Homepage.VerifyHomePage_Test@2286778</td></tr>
<tr>
<td title='Verify_Homepage.VerifyHomePage_Test.coach_010_verify_Sale()'><b>coach_010_verify_Sale</b><br>Test class: Verify_Homepage.VerifyHomePage_Test<br/>
<a href="#Output-7575494" onClick='toggleBox("Output-7575494", this, "Show output", "Hide output");'>Show output</a>

<a href="#Output-7575494" onClick="toggleAllBoxes();">Show all outputs</a>
<div class='log' id="Output-7575494">
SALE Dropdown Menu is working.<br/>
</div>
</td>
<td></td>
<td>4</td>
<td>Verify_Homepage.VerifyHomePage_Test@2286778</td></tr>
</table><p>
</body>
</html>