<?xml version="1.0" encoding="UTF-8"?>
<!-- Generated by org.testng.reporters.JUnitXMLReporter -->
<testsuite hostname="ASDP1744PO02529" ignored="0" name="VerifyHomePage" tests="10" failures="2" timestamp="23 Aug 2017 12:11:52 GMT" time="53.121" errors="0">
  <testcase name="coach_001_verify_logo" time="0.966" classname="Verify_Homepage.VerifyHomePage_Test"/>
  <testcase name="coach_002_verify_Account" time="3.157" classname="Verify_Homepage.VerifyHomePage_Test">
    <failure type="org.openqa.selenium.NoSuchElementException" message="Unable to locate a node using //a[@id=&amp;apos;drop1&amp;apos;]
For documentation on this error, please visit: http://seleniumhq.org/exceptions/no_such_element.html
Build info: version: &amp;apos;3.4.0&amp;apos;, revision: &amp;apos;unknown&amp;apos;, time: &amp;apos;unknown&amp;apos;
System info: host: &amp;apos;ASDP1744PO02529&amp;apos;, ip: &amp;apos;10.0.12.105&amp;apos;, os.name: &amp;apos;Windows 10&amp;apos;, os.arch: &amp;apos;amd64&amp;apos;, os.version: &amp;apos;10.0&amp;apos;, java.version: &amp;apos;1.8.0_131&amp;apos;
Driver info: driver.version: HtmlUnitDriver">
      <![CDATA[org.openqa.selenium.NoSuchElementException: Unable to locate a node using //a[@id='drop1']
For documentation on this error, please visit: http://seleniumhq.org/exceptions/no_such_element.html
Build info: version: '3.4.0', revision: 'unknown', time: 'unknown'
System info: host: 'ASDP1744PO02529', ip: '10.0.12.105', os.name: 'Windows 10', os.arch: 'amd64', os.version: '10.0', java.version: '1.8.0_131'
Driver info: driver.version: HtmlUnitDriver
	at org.openqa.selenium.htmlunit.HtmlUnitDriver.findElementByXPath(HtmlUnitDriver.java:1352)
	at org.openqa.selenium.By$ByXPath.findElement(By.java:361)
	at org.openqa.selenium.htmlunit.HtmlUnitDriver$5.call(HtmlUnitDriver.java:1965)
	at org.openqa.selenium.htmlunit.HtmlUnitDriver$5.call(HtmlUnitDriver.java:1)
	at org.openqa.selenium.htmlunit.HtmlUnitDriver.implicitlyWaitFor(HtmlUnitDriver.java:1601)
	at org.openqa.selenium.htmlunit.HtmlUnitDriver.findElement(HtmlUnitDriver.java:1961)
	at org.openqa.selenium.htmlunit.HtmlUnitDriver.findElement(HtmlUnitDriver.java:756)
	at Verify_Homepage.VerifyHomePageMethod.verify_Account(VerifyHomePageMethod.java:31)
	at Verify_Homepage.VerifyHomePage_Test.coach_002_verify_Account(VerifyHomePage_Test.java:33)
... Removed 25 stack frames]]>
    </failure>
  </testcase> <!-- coach_002_verify_Account -->
  <testcase name="coach_003_verify_wishlist" time="3.053" classname="Verify_Homepage.VerifyHomePage_Test">
    <failure type="org.openqa.selenium.NoSuchElementException" message="Unable to locate a node using //span[@class=&amp;apos;icm-icon-like&amp;apos;]
For documentation on this error, please visit: http://seleniumhq.org/exceptions/no_such_element.html
Build info: version: &amp;apos;3.4.0&amp;apos;, revision: &amp;apos;unknown&amp;apos;, time: &amp;apos;unknown&amp;apos;
System info: host: &amp;apos;ASDP1744PO02529&amp;apos;, ip: &amp;apos;10.0.12.105&amp;apos;, os.name: &amp;apos;Windows 10&amp;apos;, os.arch: &amp;apos;amd64&amp;apos;, os.version: &amp;apos;10.0&amp;apos;, java.version: &amp;apos;1.8.0_131&amp;apos;
Driver info: driver.version: HtmlUnitDriver">
      <![CDATA[org.openqa.selenium.NoSuchElementException: Unable to locate a node using //span[@class='icm-icon-like']
For documentation on this error, please visit: http://seleniumhq.org/exceptions/no_such_element.html
Build info: version: '3.4.0', revision: 'unknown', time: 'unknown'
System info: host: 'ASDP1744PO02529', ip: '10.0.12.105', os.name: 'Windows 10', os.arch: 'amd64', os.version: '10.0', java.version: '1.8.0_131'
Driver info: driver.version: HtmlUnitDriver
	at org.openqa.selenium.htmlunit.HtmlUnitDriver.findElementByXPath(HtmlUnitDriver.java:1352)
	at org.openqa.selenium.By$ByXPath.findElement(By.java:361)
	at org.openqa.selenium.htmlunit.HtmlUnitDriver$5.call(HtmlUnitDriver.java:1965)
	at org.openqa.selenium.htmlunit.HtmlUnitDriver$5.call(HtmlUnitDriver.java:1)
	at org.openqa.selenium.htmlunit.HtmlUnitDriver.implicitlyWaitFor(HtmlUnitDriver.java:1601)
	at org.openqa.selenium.htmlunit.HtmlUnitDriver.findElement(HtmlUnitDriver.java:1961)
	at org.openqa.selenium.htmlunit.HtmlUnitDriver.findElement(HtmlUnitDriver.java:756)
	at Verify_Homepage.VerifyHomePageMethod.verify_wishlist(VerifyHomePageMethod.java:37)
	at Verify_Homepage.VerifyHomePage_Test.coach_003_verify_wishlist(VerifyHomePage_Test.java:38)
... Removed 25 stack frames]]>
    </failure>
  </testcase> <!-- coach_003_verify_wishlist -->
  <testcase name="coach_004_verify_New" time="5.362" classname="Verify_Homepage.VerifyHomePage_Test"/>
  <testcase name="coach_005_verify_Women" time="2.397" classname="Verify_Homepage.VerifyHomePage_Test"/>
  <testcase name="coach_006_verify_Men" time="2.578" classname="Verify_Homepage.VerifyHomePage_Test"/>
  <testcase name="coach_007_verify_COACH_1941" time="1.917" classname="Verify_Homepage.VerifyHomePage_Test"/>
  <testcase name="coach_008_verify_Personalize" time="2.198" classname="Verify_Homepage.VerifyHomePage_Test"/>
  <testcase name="coach_009_verify_Gifts" time="2.687" classname="Verify_Homepage.VerifyHomePage_Test"/>
  <testcase name="coach_010_verify_Sale" time="4.946" classname="Verify_Homepage.VerifyHomePage_Test"/>
</testsuite> <!-- VerifyHomePage -->
